<?xml version="1.0" encoding="UTF-8"?>
<!-- Generated by org.testng.reporters.JUnitReportReporter -->
<testsuite hostname="DESKTOP-95104MM" failures="0" tests="1" name="cucumberOptions.testRunner" time="0.057" errors="0" timestamp="2021-09-25T14:36:36 IST" skipped="0">
  <testcase classname="cucumberOptions.testRunner" name="feature" time="0.057"/>
  <system-out/>
</testsuite> <!-- cucumberOptions.testRunner -->
